<?xml version="1.0" encoding="UTF-8"?>
<!-- Generated by org.testng.reporters.JUnitXMLReporter -->
<testsuite hostname="Admin-PC" ignored="2" name="Free CRM Applicatin Chrome Test Cases" tests="7" failures="2" timestamp="14 Aug 2019 16:10:24 GMT" time="136.555" errors="0">
  <testcase name="loginPageTitleTest" time="0.037" classname="com.crm.qa.TestCases.LoginPageTest">
    <failure type="java.lang.AssertionError" message="expected [CRMPRO - CRM software for customer relationship management, sales, and support.123] but found [CRMPRO - CRM software for customer relationship management, sales, and support.]">
      <![CDATA[java.lang.AssertionError: expected [CRMPRO - CRM software for customer relationship management, sales, and support.123] but found [CRMPRO - CRM software for customer relationship management, sales, and support.]
	at com.crm.qa.TestCases.LoginPageTest.loginPageTitleTest(LoginPageTest.java:39)
... Removed 31 stack frames]]>
    </failure>
  </testcase> <!-- loginPageTitleTest -->
  <testcase name="verifyHomePageTitleTest" time="0.014" classname="com.crm.qa.TestCases.HomePageTest">
    <failure type="java.lang.AssertionError" message="Home Page Title is not Matched expected [CRMPRO123] but found [CRMPRO]">
      <![CDATA[java.lang.AssertionError: Home Page Title is not Matched expected [CRMPRO123] but found [CRMPRO]
	at com.crm.qa.TestCases.HomePageTest.verifyHomePageTitleTest(HomePageTest.java:54)
... Removed 30 stack frames]]>
    </failure>
  </testcase> <!-- verifyHomePageTitleTest -->
  <testcase name="crmLogoImageTest" time="0.061" classname="com.crm.qa.TestCases.LoginPageTest"/>
  <testcase name="verifyUserNameTest" time="0.153" classname="com.crm.qa.TestCases.HomePageTest"/>
  <testcase name="loginTest" time="8.79" classname="com.crm.qa.TestCases.LoginPageTest"/>
  <testcase name="verifyContactsLinkTest" time="1.827" classname="com.crm.qa.TestCases.HomePageTest"/>
  <testcase name="verifyDealsPageLinkTest" time="2.619" classname="com.crm.qa.TestCases.HomePageTest"/>
  <testcase name="@AfterTest endReport" time="0.0" classname="com.crm.qa.BaseClass.TestBase">
    <ignored/>
  </testcase> <!-- @AfterTest endReport -->
  <testcase name="@BeforeTest setExtent" time="0.0" classname="com.crm.qa.BaseClass.TestBase">
    <ignored/>
  </testcase> <!-- @BeforeTest setExtent -->
</testsuite> <!-- Free CRM Applicatin Chrome Test Cases -->
